"../../../Engine/Content/Functions/Engine_MaterialFunctions01/Opacity/CameraDepthFade.uasset" 0
"../../../Engine/Content/EngineMaterials/T_Default_Material_Grid_M.uasset" 1
"../../../Engine/Content/EngineMaterials/T_Default_Material_Grid_N.uasset" 2
"../../../Engine/Content/EngineMaterials/WorldGridMaterial.uasset" 3
"../../../Engine/Content/ArtTools/RenderToTexture/Meshes/S_1_Unit_Plane.uasset" 4
"../../../Engine/Content/EngineMaterials/DefaultMaterial.uasset" 5
"../../../Engine/Content/BasicShapes/Cone.uasset" 6
"../../../Engine/Content/BasicShapes/Cube.uasset" 7
"../../../Engine/Content/BasicShapes/Cylinder.uasset" 8
"../../../Engine/Content/BasicShapes/Plane.uasset" 9
"../../../Engine/Content/BasicShapes/Sphere.uasset" 10
"../../../Engine/Content/EngineMaterials/DefaultPhysicalMaterial.uasset" 11
"../../../Engine/Content/BufferVisualization/AmbientOcclusion.uasset" 12
"../../../Engine/Content/BufferVisualization/BaseColor.uasset" 13
"../../../Engine/Content/BufferVisualization/CustomDepth.uasset" 14
"../../../Engine/Content/Functions/Engine_MaterialFunctions02/Utility/VectorLength.uasset" 15
"../../../Engine/Content/BufferVisualization/CustomDepthWorldUnits.uasset" 16
"../../../Engine/Content/Functions/Engine_MaterialFunctions02/Utility/BreakOutFloat2Components.uasset" 17
"../../../Engine/Content/Functions/Engine_MaterialFunctions01/Texturing/ScaleUVsByCenter.uasset" 18
"../../../Engine/Content/Functions/Engine_MaterialFunctions02/ScreenResolution.uasset" 19
"../../../Engine/Content/Functions/Engine_MaterialFunctions02/Texturing/ScreenAlignedUVs.uasset" 20
"../../../Engine/Content/Functions/Engine_MaterialFunctions02/Utility/MakeFloat2.uasset" 21
"../../../Engine/Content/Functions/Engine_MaterialFunctions02/Utility/MakeFloat3.uasset" 22
"../../../Engine/Content/EngineMaterials/MiniFont.uasset" 23
"../../../Engine/Content/BufferVisualization/CustomStencil.uasset" 24
"../../../Engine/Content/BufferVisualization/FinalImage.uasset" 25
"../../../Engine/Content/BufferVisualization/LightingModel.uasset" 26
"../../../Engine/Content/BufferVisualization/MaterialAO.uasset" 27
"../../../Engine/Content/BufferVisualization/Metallic.uasset" 28
"../../../Engine/Content/BufferVisualization/Opacity.uasset" 29
"../../../Engine/Content/BufferVisualization/PostTonemapHDRColor.uasset" 30
"../../../Engine/Content/BufferVisualization/PreTonemapHDRColor.uasset" 31
"../../../Engine/Content/BufferVisualization/Roughness.uasset" 32
"../../../Engine/Content/BufferVisualization/SceneColor.uasset" 33
"../../../Engine/Content/BufferVisualization/SceneDepth.uasset" 34
"../../../Engine/Content/BufferVisualization/SceneDepthWorldUnits.uasset" 35
"../../../Engine/Content/BufferVisualization/SeparateTranslucencyA.uasset" 36
"../../../Engine/Content/BufferVisualization/SeparateTranslucencyRGB.uasset" 37
"../../../Engine/Content/BufferVisualization/Specular.uasset" 38
"../../../Engine/Content/BufferVisualization/SubsurfaceColor.uasset" 39
"../../../Engine/Content/BufferVisualization/WorldNormal.uasset" 40
"../../../Engine/Content/EditorLandscapeResources/DataLayer.uasset" 41
"../../../Engine/Content/EditorLandscapeResources/DefaultAlphaTexture.uasset" 42
"../../../Engine/Content/EditorLandscapeResources/LandscapeGizmoHeight_Mat.uasset" 43
"../../../Engine/Content/EditorLandscapeResources/LandscapeGizmo_Mat.uasset" 44
"../../../Engine/Content/EditorLandscapeResources/LandscapeGizmo_Mat_Copied.uasset" 45
"../../../Engine/Content/EditorLandscapeResources/SplineEditorMeshMat.uasset" 46
"../../../Engine/Content/EditorLandscapeResources/SplineEditorMesh.uasset" 47
"../../../Engine/Content/EditorMaterials/Cross.uasset" 48
"../../../Engine/Content/EditorMaterials/Cross_Mat.uasset" 49
"../../../Engine/Content/EditorMaterials/GizmoMaterial.uasset" 50
"../../../Engine/Content/Functions/Engine_MaterialFunctions02/Utility/Sign.uasset" 51
"../../../Engine/Content/Functions/Engine_MaterialFunctions02/Utility/Round.uasset" 52
"../../../Engine/Content/Functions/Engine_MaterialFunctions02/ExampleContent/Textures/flipbook.uasset" 53
"../../../Engine/Content/Functions/Engine_MaterialFunctions02/Texturing/FlipBook.uasset" 54
"../../../Engine/Content/EditorResources/T_EditorHelp.uasset" 55
"../../../Engine/Content/EditorMaterials/HelpActorMaterial.uasset" 56
"../../../Engine/Content/EditorMaterials/CompositeARGBLayer.uasset" 57
"../../../Engine/Content/EditorMaterials/TilingAALineIntegral.uasset" 58
"../../../Engine/Content/EditorMaterials/TilingAALineBoxFiltered.uasset" 59
"../../../Engine/Content/Functions/Engine_MaterialFunctions03/Procedurals/ComputeFilterWidth.uasset" 60
"../../../Engine/Content/EditorMaterials/TilingAADots.uasset" 61
"../../../Engine/Content/EditorMaterials/Cascade/CASC_Cross.uasset" 62
"../../../Engine/Content/EditorMaterials/Cascade/CASC_None.uasset" 63
"../../../Engine/Content/Functions/Engine_MaterialFunctions03/Blends/Blend_Screen.uasset" 64
"../../../Engine/Content/EditorMaterials/TilingAAGrid.uasset" 65
"../../../Engine/Content/EditorMaterials/LevelGridMaterial.uasset" 66
"../../../Engine/Content/EditorMaterials/MakeCompositeARGBLayer.uasset" 67
"../../../Engine/Content/EditorResources/LevelGrid1DStripes.uasset" 68
"../../../Engine/Content/EditorMaterials/TextureGridCascaded1D.uasset" 69
"../../../Engine/Content/EditorMaterials/TextureGridCascaded2D.uasset" 70
"../../../Engine/Content/EditorMaterials/LevelGridMaterial2.uasset" 71
"../../../Engine/Content/EditorMaterials/MAT_Groups_Toggle.uasset" 72
"../../../Engine/Content/EditorMaterials/MAT_Groups_Visibility.uasset" 73
"../../../Engine/Content/EditorMaterials/PhAT_BoneSelectedMaterial.uasset" 74
"../../../Engine/Content/EditorMaterials/PhAT_ElemSelectedMaterial.uasset" 75
"../../../Engine/Content/EditorMaterials/PhAT_NoCollisionMaterial.uasset" 76
"../../../Engine/Content/EditorMaterials/PhAT_UnselectedMaterial.uasset" 77
"../../../Engine/Content/EditorMaterials/PreviewShadowIndicator.uasset" 78
"../../../Engine/Content/EditorMaterials/PreviewShadowIndicatorMaterial.uasset" 79
"../../../Engine/Content/EditorMaterials/TargetIcon.uasset" 80
"../../../Engine/Content/EditorMaterials/Tick.uasset" 81
"../../../Engine/Content/EditorMaterials/Tick_Mat.uasset" 82
"../../../Engine/Content/EditorMaterials/WidgetGridVertexColorMaterial.uasset" 83
"../../../Engine/Content/EditorMaterials/WidgetGridVertexColorMaterial_Ma.uasset" 84
"../../../Engine/Content/EditorMaterials/WidgetMaterial.uasset" 85
"../../../Engine/Content/EditorMaterials/WidgetMaterial_Current.uasset" 86
"../../../Engine/Content/EditorMaterials/WidgetMaterial_X.uasset" 87
"../../../Engine/Content/EditorMaterials/WidgetMaterial_Y.uasset" 88
"../../../Engine/Content/EditorMaterials/WidgetMaterial_Z.uasset" 89
"../../../Engine/Content/EditorMaterials/WidgetVertexColorMaterial.uasset" 90
"../../../Engine/Content/EditorMaterials/MatineeGroups/MAT_ColorTrack.uasset" 91
"../../../Engine/Content/EditorMaterials/MatineeGroups/MAT_Groups_Anim.uasset" 92
"../../../Engine/Content/EditorMaterials/MatineeGroups/MAT_Groups_AudioMaster.uasset" 93
"../../../Engine/Content/EditorMaterials/MatineeGroups/MAT_Groups_Director.uasset" 94
"../../../Engine/Content/EditorMaterials/MatineeGroups/MAT_Groups_Event.uasset" 95
"../../../Engine/Content/EditorMaterials/MatineeGroups/MAT_Groups_Fade.uasset" 96
"../../../Engine/Content/EditorMaterials/MatineeGroups/MAT_Groups_Float.uasset" 97
"../../../Engine/Content/EditorMaterials/MatineeGroups/MAT_Groups_Move.uasset" 98
"../../../Engine/Content/EditorMaterials/MatineeGroups/MAT_Groups_Slomo.uasset" 99
"../../../Engine/Content/EditorMaterials/MatineeGroups/MAT_Groups_Sound.uasset" 100
"../../../Engine/Content/EditorMaterials/MatineeGroups/MAT_Groups_Vector.uasset" 101
"../../../Engine/Content/EditorMaterials/ParticleSystems/PSysThumbnail_NoImage.uasset" 102
"../../../Engine/Content/EditorMaterials/ParticleSystems/PSysThumbnail_OOD.uasset" 103
"../../../Engine/Content/EngineMaterials/Grid.uasset" 104
"../../../Engine/Content/EditorMaterials/Thumbnails/FloorPlaneMaterial.uasset" 105
"../../../Engine/Content/EditorMeshes/EditorCube.uasset" 106
"../../../Engine/Content/EditorMeshes/EditorCylinder.uasset" 107
"../../../Engine/Content/EditorMeshes/EditorPlane.uasset" 108
"../../../Engine/Content/EditorMaterials/Thumbnails/SkySphereMaterial.uasset" 109
"../../../Engine/Content/EditorMeshes/EditorSkySphere.uasset" 110
"../../../Engine/Content/EditorMeshes/EditorSphere.uasset" 111
"../../../Engine/Content/EditorResources/MatineeCam_D.uasset" 112
"../../../Engine/Content/EditorMaterials/MatineeCam_mat.uasset" 113
"../../../Engine/Content/EditorMeshes/MatineeCam_SM.uasset" 114
"../../../Engine/Content/EditorMaterials/Camera/CineMat.uasset" 115
"../../../Engine/Content/EditorMaterials/Camera/MI_CineMat_CameraBody.uasset" 116
"../../../Engine/Content/EngineDebugMaterials/M_SimpleOpaque.uasset" 117
"../../../Engine/Content/EditorMaterials/Camera/MI_CineMat_CamViewFinder.uasset" 118
"../../../Engine/Content/EditorMeshes/Camera/SM_CineCam.uasset" 119
"../../../Engine/Content/EditorMaterials/Camera/MI_CineMat_Rig.uasset" 120
"../../../Engine/Content/EditorMeshes/Camera/SM_CraneRig_Arm.uasset" 121
"../../../Engine/Content/EditorMeshes/Camera/SM_CraneRig_Base.uasset" 122
"../../../Engine/Content/EditorMeshes/Camera/SM_CraneRig_Body.uasset" 123
"../../../Engine/Content/EditorMeshes/Camera/SM_CraneRig_Mount.uasset" 124
"../../../Engine/Content/EditorMeshes/Camera/SM_RailRig_Mount.uasset" 125
"../../../Engine/Content/EditorMeshes/Camera/SM_RailRig_Track.uasset" 126
"../../../Engine/Content/EditorMeshes/ColorCalibrator/M_ChromeBall.uasset" 127
"../../../Engine/Content/EditorMeshes/ColorCalibrator/M_ClearCoat.uasset" 128
"../../../Engine/Content/EditorMeshes/ColorCalibrator/M_ClearCoatBlack.uasset" 129
"../../../Engine/Content/EditorMeshes/ColorCalibrator/Color_checker.uasset" 130
"../../../Engine/Content/EditorMeshes/ColorCalibrator/M_ColorGrid.uasset" 131
"../../../Engine/Content/EditorMeshes/ColorCalibrator/M_GreyBall.uasset" 132
"../../../Engine/Content/EditorMeshes/ColorCalibrator/SM_ColorCalibrator.uasset" 133
"../../../Engine/Content/EditorResources/Bad.uasset" 134
"../../../Engine/Content/EditorResources/BSPVertex.uasset" 135
"../../../Engine/Content/EditorResources/EmptyActor.uasset" 136
"../../../Engine/Content/EditorResources/MatInstActSprite.uasset" 137
"../../../Engine/Content/EditorResources/SceneManager.uasset" 138
"../../../Engine/Content/EditorResources/SmallFont.uasset" 139
"../../../Engine/Content/EditorResources/S_Actor.uasset" 140
"../../../Engine/Content/EditorResources/S_DecalActorIcon.uasset" 141
"../../../Engine/Content/EditorResources/S_Emitter.uasset" 142
"../../../Engine/Content/EditorResources/S_ExpoHeightFog.uasset" 143
"../../../Engine/Content/EditorResources/S_FTest.uasset" 144
"../../../Engine/Content/EditorResources/S_KBSJoint.uasset" 145
"../../../Engine/Content/EditorResources/S_KHinge.uasset" 146
"../../../Engine/Content/EditorResources/S_KPrismatic.uasset" 147
"../../../Engine/Content/EditorResources/S_LevelSequence.uasset" 148
"../../../Engine/Content/EditorResources/S_NavP.uasset" 149
"../../../Engine/Content/EditorResources/S_Note.uasset" 150
"../../../Engine/Content/EditorResources/S_Player.uasset" 151
"../../../Engine/Content/EditorResources/S_PortalActorIcon2.uasset" 152
"../../../Engine/Content/EditorResources/S_RadForce.uasset" 153
"../../../Engine/Content/EditorResources/S_ReflActorIcon.uasset" 154
"../../../Engine/Content/EditorResources/S_Terrain.uasset" 155
"../../../Engine/Content/EditorResources/S_TextRenderActorIcon.uasset" 156
"../../../Engine/Content/EditorResources/S_Thruster.uasset" 157
"../../../Engine/Content/EditorResources/S_Trigger.uasset" 158
"../../../Engine/Content/EditorResources/S_VectorFieldVol.uasset" 159
"../../../Engine/Content/EditorResources/S_WindDirectional.uasset" 160
"../../../Engine/Content/EditorResources/AI/S_NavLink.uasset" 161
"../../../Engine/Content/EditorResources/LightIcons/SkyLight.uasset" 162
"../../../Engine/Content/EditorResources/LightIcons/S_LightDirectional.uasset" 163
"../../../Engine/Content/EditorResources/LightIcons/S_LightDirectionalMove.uasset" 164
"../../../Engine/Content/EditorResources/LightIcons/S_LightError.uasset" 165
"../../../Engine/Content/EditorResources/LightIcons/S_LightPoint.uasset" 166
"../../../Engine/Content/EditorResources/LightIcons/S_LightPointMove.uasset" 167
"../../../Engine/Content/EditorResources/LightIcons/S_LightSpot.uasset" 168
"../../../Engine/Content/EditorResources/LightIcons/S_LightSpotMove.uasset" 169
"../../../Engine/Content/EditorResources/SequenceRecorder/Countdown.uasset" 170
"../../../Engine/Content/EditorResources/SequenceRecorder/RecordingIndicator.uasset" 171
"../../../Engine/Content/EditorResources/Spline/T_Loft_Spline.uasset" 172
"../../../Engine/Content/EditorSounds/Notifications/CompileFailed.uasset" 173
"../../../Engine/Content/EditorSounds/Notifications/CompileFailed_Cue.uasset" 174
"../../../Engine/Content/EditorSounds/Notifications/CompileSuccess.uasset" 175
"../../../Engine/Content/EditorSounds/Notifications/CompileStart_Cue.uasset" 176
"../../../Engine/Content/EditorSounds/Notifications/CompileSuccess_Cue.uasset" 177
"../../../Engine/Content/EngineDamageTypes/DmgTypeBP_Environmental.uasset" 178
"../../../Engine/Content/EngineDebugMaterials/HeatmapGradient.uasset" 179
"../../../Engine/Content/EngineDebugMaterials/BoneWeightMaterial.uasset" 180
"../../../Engine/Content/EngineDebugMaterials/ClothMaterial.uasset" 181
"../../../Engine/Content/EngineDebugMaterials/ClothMaterial_WF.uasset" 182
"../../../Engine/Content/EngineDebugMaterials/DebugEditorMaterial.uasset" 183
"../../../Engine/Content/EngineDebugMaterials/DebugMeshMaterial.uasset" 184
"../../../Engine/Content/EngineDebugMaterials/GeomMaterial.uasset" 185
"../../../Engine/Content/Functions/Engine_MaterialFunctions01/Shading/ConvertFromDiffSpec.uasset" 186
"../../../Engine/Content/EngineDebugMaterials/LevelColorationLitMaterial.uasset" 187
"../../../Engine/Content/EngineDebugMaterials/LevelColorationUnlitMaterial.uasset" 188
"../../../Engine/Content/EngineMaterials/DefaultWhiteGrid.uasset" 189
"../../../Engine/Content/EngineDebugMaterials/MAT_LevelColorationLitLightmapUV.uasset" 190
"../../../Engine/Content/EngineDebugMaterials/M_SimpleTranslucent.uasset" 191
"../../../Engine/Content/EngineDebugMaterials/ShadedLevelColorationLitMaterial.uasset" 192
"../../../Engine/Content/EngineDebugMaterials/ShadedLevelColorationUnlitMateri.uasset" 193
"../../../Engine/Content/EngineDebugMaterials/VertexColorMaterial.uasset" 194
"../../../Engine/Content/EngineDebugMaterials/VertexColorViewMode_AlphaAsColor.uasset" 195
"../../../Engine/Content/EngineDebugMaterials/VertexColorViewMode_BlueOnly.uasset" 196
"../../../Engine/Content/EngineDebugMaterials/VertexColorViewMode_ColorOnly.uasset" 197
"../../../Engine/Content/EngineDebugMaterials/VertexColorViewMode_GreenOnly.uasset" 198
"../../../Engine/Content/EngineDebugMaterials/VertexColorViewMode_RedOnly.uasset" 199
"../../../Engine/Content/EngineDebugMaterials/WireframeMaterial.uasset" 200
"../../../Engine/Content/EngineFonts/Faces/RobotoBold.uasset" 201
"../../../Engine/Content/EngineFonts/Faces/RobotoBoldItalic.uasset" 202
"../../../Engine/Content/EngineFonts/Faces/RobotoItalic.uasset" 203
"../../../Engine/Content/EngineFonts/Faces/RobotoLight.uasset" 204
"../../../Engine/Content/EngineFonts/Faces/RobotoRegular.uasset" 205
"../../../Engine/Content/EngineFonts/Roboto.uasset" 206
"../../../Engine/Content/EngineFonts/Faces/RobotoTiny.uasset" 207
"../../../Engine/Content/EngineFonts/RobotoTiny.uasset" 208
"../../../Engine/Content/EngineFonts/SmallFont.uasset" 209
"../../../Engine/Content/EngineFonts/TinyFont.uasset" 210
"../../../Engine/Content/EngineResources/WhiteSquareTexture.uasset" 211
"../../../Engine/Content/EngineMaterials/BlinkingCaret.uasset" 212
"../../../Engine/Content/EngineMaterials/DefaultBloomKernel.uasset" 213
"../../../Engine/Content/EngineMaterials/DefaultBokeh.uasset" 214
"../../../Engine/Content/EngineMaterials/DefaultDiffuse.uasset" 215
"../../../Engine/Content/EngineMaterials/DefaultDeferredDecalMaterial.uasset" 216
"../../../Engine/Content/EngineMaterials/DefaultLightFunctionMaterial.uasset" 217
"../../../Engine/Content/EngineMaterials/DefaultNormal.uasset" 218
"../../../Engine/Content/EngineMaterials/DefaultPostProcessMaterial.uasset" 219
"../../../Engine/Content/EngineFonts/RobotoDistanceField.uasset" 220
"../../../Engine/Content/EngineMaterials/DefaultTextMaterialOpaque.uasset" 221
"../../../Engine/Content/EngineMaterials/EditorBrushMaterial.uasset" 222
"../../../Engine/Content/EngineMaterials/Good64x64TilingNoiseHighFreq.uasset" 223
"../../../Engine/Content/EngineMaterials/Grid_N.uasset" 224
"../../../Engine/Content/EngineMaterials/HighResolutionScreenshotMaskFunction.uasset" 225
"../../../Engine/Content/EngineMaterials/HighResScreenshot.uasset" 226
"../../../Engine/Content/EngineMaterials/HighResScreenshotCaptureRegion.uasset" 227
"../../../Engine/Content/EngineMaterials/HighResScreenshotMask.uasset" 228
"../../../Engine/Content/EngineMaterials/LandscapeHolePhysicalMaterial.uasset" 229
"../../../Engine/Content/EngineMaterials/InvalidLightmapSettings.uasset" 230
"../../../Engine/Content/EngineMaterials/M_InvalidLightmapSettings.uasset" 231
"../../../Engine/Content/EngineMaterials/PaperDiffuse.uasset" 232
"../../../Engine/Content/EngineMaterials/PaperNormal.uasset" 233
"../../../Engine/Content/Functions/Engine_MaterialFunctions02/WorldPositionOffset/CameraOffset.uasset" 234
"../../../Engine/Content/EngineMaterials/PhAT_JointLimitMaterial.uasset" 235
"../../../Engine/Content/EngineMaterials/PhysMat_Rubber.uasset" 236
"../../../Engine/Content/EngineMaterials/PreintegratedSkinBRDF.uasset" 237
"../../../Engine/Content/EngineMaterials/RemoveSurfaceMaterial.uasset" 238
"../../../Engine/Content/EngineMaterials/WeightMapPlaceholderTexture.uasset" 239
"../../../Engine/Content/EngineMaterials/Widget3DPassThrough.uasset" 240
"../../../Engine/Content/EngineMaterials/Widget3DPassThrough_Masked.uasset" 241
"../../../Engine/Content/EngineMaterials/Widget3DPassThrough_Opaque.uasset" 242
"../../../Engine/Content/EngineMaterials/Widget3DPassThrough_Masked_OneSided.uasset" 243
"../../../Engine/Content/EngineMaterials/Widget3DPassThrough_Opaque_OneSided.uasset" 244
"../../../Engine/Content/EngineMaterials/Widget3DPassThrough_Translucent.uasset" 245
"../../../Engine/Content/EngineMaterials/Widget3DPassThrough_Translucent_OneSided.uasset" 246
"../../../Engine/Content/EngineMeshes/Cube.uasset" 247
"../../../Engine/Content/EngineMeshes/Cylinder.uasset" 248
"../../../Engine/Content/EngineMeshes/Sphere.uasset" 249
"../../../Engine/Content/EngineResources/DefaultTexture.uasset" 250
"../../../Engine/Content/EngineResources/DefaultTextureCube.uasset" 251
"../../../Engine/Content/EngineResources/GradientTexture0.uasset" 252
"../../../Engine/Content/EngineResources/StreamingPauseIcon.uasset" 253
"../../../Engine/Content/EngineResources/M_StreamingPause.uasset" 254
"../../../Engine/Content/EngineSounds/Master.uasset" 255
"../../../Engine/Content/Functions/Engine_MaterialFunctions01/Shading/PowerToRoughness.uasset" 256
"../../../Engine/Content/Maps/Templates/Thumbnails/Default.uasset" 257
"../../../Engine/Content/Maps/Templates/Thumbnails/VR-Basic.uasset" 258
"../../../Engine/Content/MapTemplates/Sky/DaylightAmbientCubemap.uasset" 259
"../../../Engine/Content/MobileResources/T_MobileControls_texture.uasset" 260
"../../../Engine/Content/MobileResources/T_MobileMenu2.uasset" 261
"../../../Engine/Content/MobileResources/HUD/AnalogHat.uasset" 262
"../../../Engine/Content/MobileResources/HUD/VirtualJoystick_Background.uasset" 263
"../../../Engine/Content/MobileResources/HUD/VirtualJoystick_Thumb.uasset" 264
"../../../Engine/Content/MobileResources/HUD/DefaultVirtualJoysticks.uasset" 265
"../../../Engine/Content/MobileResources/HUD/LeftVirtualJoystickOnly.uasset" 266
"../../../Engine/Content/MobileResources/HUD/MobileHUDButton1_off.uasset" 267
"../../../Engine/Content/MobileResources/HUD/MobileHUDButton1_on.uasset" 268
"../../../Engine/Content/MobileResources/HUD/MobileHUDButton2_off.uasset" 269
"../../../Engine/Content/MobileResources/HUD/MobileHUDButton2_on.uasset" 270
"../../../Engine/Content/MobileResources/HUD/MobileHUDButton3.uasset" 271
"../../../Engine/Content/MobileResources/HUD/MobileHUDButtonFire.uasset" 272
"../../../Engine/Content/MobileResources/HUD/MobileHUDDirectionPad.uasset" 273
"../../../Engine/Content/MobileResources/HUD/MobileHUDDirectionPad2.uasset" 274
"../../../Engine/Content/MobileResources/HUD/MobileHUDDirectionPad3.uasset" 275
"../../../Engine/Content/MobileResources/HUD/MobileHUDDirectionStick.uasset" 276
"../../../Engine/Content/MobileResources/HUD/T_Castle_ThumbstickInner.uasset" 277
"../../../Engine/Content/MobileResources/HUD/T_Castle_ThumbstickOutter.uasset" 278
"../../../Engine/Content/Tutorial/ContentIntroCurve.uasset" 279
"../../../Engine/Content/Tutorial/Basics/TutorialAssets/icon_tab_Levels_40x.uasset" 280
"../../../Engine/Content/Tutorial/BlueprintTutorials/TutorialAssets/BlueprintInterface_64x.uasset" 281
"../../../Engine/Content/Tutorial/BlueprintTutorials/TutorialAssets/BlueprintMacroLibrary_64x.uasset" 282
"../../../Engine/Content/Tutorial/BlueprintTutorials/TutorialAssets/Blueprint_64x.uasset" 283
"../../../Engine/Content/Tutorial/BlueprintTutorials/TutorialAssets/Tutorial_BP_Interface.uasset" 284
"../../../Engine/Content/Tutorial/Foliage/TutorialAssets/Foliage.uasset" 285
"../../../Engine/Content/Tutorial/Landscape/TutorialAssets/Landscape.uasset" 286
"../../../Engine/Content/Tutorial/Paper2D/TutorialAssets/Paper2DFlipbook_TutorialIcon.uasset" 287
"../../../Engine/Content/Tutorial/Paper2D/TutorialAssets/Paper2DSprite_TutorialIcon.uasset" 288
"../../../Engine/Content/Tutorial/SubEditors/TutorialAssets/icon_Editor_Preferences_General_40x.uasset" 289
"../../../Engine/Content/Tutorial/SubEditors/TutorialAssets/icon_ShowSkeletalMeshes_40x.uasset" 290
"../../../Engine/Content/Tutorial/SubEditors/TutorialAssets/TutorialMaterial.uasset" 291
"../../../Engine/Content/Tutorial/SubEditors/TutorialAssets/T_SmokeSubUV_8X8.uasset" 292
"../../../Engine/Content/Tutorial/SubEditors/TutorialAssets/T_soft_smoke.uasset" 293
"../../../Engine/Content/Tutorial/SubEditors/TutorialAssets/M_smoke_subUV_blackbody.uasset" 294
"../../../Engine/Content/Tutorial/SubEditors/TutorialAssets/TutorialParticleSystem.uasset" 295
"../../../Engine/Content/VREditor/Devices/Generic/GenericHMDMaterial.uasset" 296
"../../../Engine/Content/VREditor/Devices/Generic/GenericHMD.uasset" 297
"../../../Engine/Content/VREditor/FloatingText/LineMaterial.uasset" 298
"../../../Engine/Content/VREditor/FloatingText/JointSphere.uasset" 299
"../../../Engine/Content/VREditor/FloatingText/LineSegmentCylinder.uasset" 300
"../../../Engine/Content/VREditor/Fonts/VRText_RobotoLarge.uasset" 301
"../../../Engine/Content/VREditor/Fonts/VRTextMaterial.uasset" 302
"../../../Engine/Content/VREditor/Fonts/TranslucentVRTextMaterial.uasset" 303
"../../../Engine/Content/VREditor/LaserPointer/CursorPointer.uasset" 304
"../../../Engine/Content/VREditor/LaserPointer/VR_LaserPower_01.uasset" 305
"../../../Engine/Content/VREditor/TransformGizmo/TransformGizmoMaterial.uasset" 306
"../../../Engine/Content/VREditor/LaserPointer/HoverMaterial.uasset" 307
"../../../Engine/Content/VREditor/TransformGizmo/TranslucentTransformGizmoMaterial.uasset" 308
"../../../Engine/Content/VREditor/LaserPointer/TranslucentHoverMaterial.uasset" 309
"../../../Engine/Content/VREditor/LaserPointer/HoverMesh.uasset" 310
"../../../Engine/Content/VREditor/LaserPointer/LaserPointerMaterial.uasset" 311
"../../../Engine/Content/VREditor/LaserPointer/LaserPointerMaterialInst.uasset" 312
"../../../Engine/Content/VREditor/LaserPointer/TranslucentLaserPointerMaterialInst.uasset" 313
"../../../Engine/Content/VREditor/LaserPointer/LaserPointerMesh.uasset" 314
"../../../Engine/Content/VREditor/LaserPointer/LaserPointerMesh_End.uasset" 315
"../../../Engine/Content/VREditor/LaserPointer/LaserPointerMesh_Start.uasset" 316
"../../../Engine/Content/Functions/Engine_MaterialFunctions02/Utility/BreakOutFloat3Components.uasset" 317
"../../../Engine/Content/Functions/Engine_MaterialFunctions02/Math/Transform3x3Matrix.uasset" 318
"../../../Engine/Content/Functions/Engine_MaterialFunctions02/SplitComponents.uasset" 319
"../../../Engine/Content/VREditor/SnapGrid/SnapGridMaterial.uasset" 320
"../../../Engine/Content/VREditor/SnapGrid/SnapGridPlaneMesh.uasset" 321
"../../../Engine/Content/VREditor/Sounds/VR_teleport.uasset" 322
"../../../Engine/Content/VREditor/Sounds/UI/Click_on_Button_Cue.uasset" 323
"../../../Engine/Content/VREditor/Sounds/UI/Dockable_Window_Close.uasset" 324
"../../../Engine/Content/VREditor/Sounds/UI/Dockable_Window_Drop.uasset" 325
"../../../Engine/Content/VREditor/Sounds/UI/Dockable_Window_Open.uasset" 326
"../../../Engine/Content/VREditor/Sounds/UI/Dockable_Window_Pick_Up.uasset" 327
"../../../Engine/Content/VREditor/Sounds/UI/Drop_Item_From_ContentBrowser.uasset" 328
"../../../Engine/Content/VREditor/Sounds/UI/Floating_UI_Open-001.uasset" 329
"../../../Engine/Content/VREditor/Sounds/UI/Gizmo_Handle_Clicked.uasset" 330
"../../../Engine/Content/VREditor/Sounds/UI/Object_PickUp.uasset" 331
"../../../Engine/Content/VREditor/Sounds/UI/Object_Snaps_To_Another_Actor.uasset" 332
"../../../Engine/Content/VREditor/Sounds/UI/Object_Snaps_To_Grid.uasset" 333
"../../../Engine/Content/VREditor/Sounds/UI/Radial_Menu_FadeOut.uasset" 334
"../../../Engine/Content/VREditor/Sounds/UI/Scaling_Down.uasset" 335
"../../../Engine/Content/VREditor/Sounds/UI/Scaling_Up.uasset" 336
"../../../Engine/Content/VREditor/Sounds/UI/Selection_Changes.uasset" 337
"../../../Engine/Content/VREditor/Sounds/UI/Teleport_Mode_Entered.uasset" 338
"../../../Engine/Content/VREditor/Teleport/TeleportDirectionMaterial.uasset" 339
"../../../Engine/Content/VREditor/Teleport/TeleportDirectionMaterial_Inst.uasset" 340
"../../../Engine/Content/VREditor/Teleport/TeleportDirectionMesh.uasset" 341
"../../../Engine/Content/VREditor/TransformGizmo/BoundingBoxCorner.uasset" 342
"../../../Engine/Content/VREditor/TransformGizmo/BoundingBoxEdge.uasset" 343
"../../../Engine/Content/VREditor/TransformGizmo/PlaneTranslationHandle.uasset" 344
"../../../Engine/Content/VREditor/TransformGizmo/RotationHandleFull.uasset" 345
"../../../Engine/Content/VREditor/TransformGizmo/RotationHandleIndicator.uasset" 346
"../../../Engine/Content/VREditor/TransformGizmo/RotationHandleQuarter.uasset" 347
"../../../Engine/Content/VREditor/TransformGizmo/Main.uasset" 348
"../../../Engine/Content/VREditor/TransformGizmo/Xray.uasset" 349
"../../../Engine/Content/VREditor/TransformGizmo/SM_Dialog_Close.uasset" 350
"../../../Engine/Content/VREditor/TransformGizmo/SM_Dialog_Move.uasset" 351
"../../../Engine/Content/VREditor/TransformGizmo/SM_Sequencer_Key.uasset" 352
"../../../Engine/Content/VREditor/TransformGizmo/SM_Sequencer_Node.uasset" 353
"../../../Engine/Content/VREditor/TransformGizmo/StartRotationHandleIndicator.uasset" 354
"../../../Engine/Content/VREditor/TransformGizmo/TranslucentTransformGizmoMaterial_Inst.uasset" 355
"../../../Engine/Content/VREditor/TransformGizmo/TransformGizmoFreeRotation.uasset" 356
"../../../Engine/Content/VREditor/TransformGizmo/TransformGizmoMaterial_Inst.uasset" 357
"../../../Engine/Content/VREditor/TransformGizmo/TranslateArrowHandle.uasset" 358
"../../../Engine/Content/VREditor/TransformGizmo/UniformScaleHandle.uasset" 359
"../../../Engine/Content/VREditor/UI/KeyDiskMaterial.uasset" 360
"../../../Engine/Content/VREditor/UI/DiscMaterial.uasset" 361
"../../../Engine/Content/VREditor/UI/SM_Radial_Disk.uasset" 362
"../../../Engine/Content/Functions/Engine_MaterialFunctions01/Gradient/RadialGradient.uasset" 363
"../../../Engine/Content/VREditor/WorldMovementGrid/SimpleGrid.uasset" 364
"../../../Engine/Content/VREditor/WorldMovementGrid/GridMaterial.uasset" 365
"../../../Engine/Content/Functions/Engine_MaterialFunctions01/Density/ExponentialDensity.uasset" 366
"../../../Engine/Content/VREditor/WorldMovementGrid/GridPostProcess.uasset" 367
"../../../Engine/Content/EditorLandscapeResources/FlattenHeightMat.uasset" 368
"../../../Engine/Content/VREditor/WorldMovementGrid/PlaneMesh.uasset" 369
"../../../Engine/Plugins/2D/Paper2D/Content/PlaceholderTextures/DummySpriteTexture.uasset" 370
"../../../Engine/Plugins/2D/Paper2D/Content/DummySprite.uasset" 371
"../../../Engine/Plugins/2D/Paper2D/Content/DefaultPaperTerrainMaterial.uasset" 372
"../../../Engine/Plugins/2D/Paper2D/Content/DefaultSpriteMaterial.uasset" 373
"../../../Engine/Plugins/2D/Paper2D/Content/MaskedUnlitSpriteMaterial.uasset" 374
"../../../Engine/Plugins/2D/Paper2D/Content/OpaqueUnlitSpriteMaterial.uasset" 375
"../../../Engine/Plugins/Media/MediaCompositing/Content/DefaultMediaPlaneMaterial.uasset" 376
"../../../Engine/Content/Functions/Engine_MaterialFunctions02/Utility/MakeFloat4.uasset" 377
"../../../Engine/Plugins/Runtime/AppleARKit/Content/ARKitCameraMaterial.uasset" 378
"../../../Engine/Plugins/Runtime/Oculus/OculusVR/Content/Textures/GearVRController_AO.uasset" 379
"../../../Engine/Plugins/Runtime/Oculus/OculusVR/Content/Textures/GearVRController_Color.uasset" 380
"../../../Engine/Plugins/Runtime/Oculus/OculusVR/Content/Textures/GearVRController_Normal.uasset" 381
"../../../Engine/Plugins/Runtime/Oculus/OculusVR/Content/Materials/GearVRControllerMaterial.uasset" 382
"../../../Engine/Plugins/Runtime/Oculus/OculusVR/Content/Meshes/GearVrController.uasset" 383
"../../../Engine/Content/Maps/Entry.umap" 384
"../../../RPGCompressed/Content/Mannequin/Character/Mesh/UE4_Mannequin_Skeleton.uasset" 385
"../../../RPGCompressed/Content/Mannequin/Animations/ThirdPerson_Jump.uasset" 386
"../../../RPGCompressed/Content/Mannequin/Animations/ThirdPersonJump_Loop.uasset" 387
"../../../RPGCompressed/Content/Mannequin/Animations/ThirdPersonJump_Start.uasset" 388
"../../../RPGCompressed/Content/Mannequin/Animations/ThirdPersonIdle.uasset" 389
"../../../RPGCompressed/Content/Mannequin/Animations/ThirdPersonRun.uasset" 390
"../../../RPGCompressed/Content/Mannequin/Animations/ThirdPersonWalk.uasset" 391
"../../../RPGCompressed/Content/Mannequin/Animations/ThirdPerson_IdleRun_2D.uasset" 392
"../../../Engine/Content/EditorBlueprintResources/StandardMacros.uasset" 393
"../../../RPGCompressed/Content/Mannequin/Animations/ThirdPerson_AnimBP.uasset" 394
"../../../Engine/Content/EngineResources/Black.uasset" 395
"../../../RPGCompressed/Content/InfinityBladeEffects/Effects/Masters/M_Add_Sprite_SubUV_Master.uasset" 396
"../../../RPGCompressed/Content/InfinityBladeEffects/Effects/FX_Textures/Fire/T_Fire_subUV_6X6.uasset" 397
"../../../RPGCompressed/Content/InfinityBladeEffects/Effects/FX_Materials/Fire/M_Fire_01_Add_6X6_INST.uasset" 398
"../../../RPGCompressed/Content/InfinityBladeEffects/Effects/FX_Textures/Spark/T_Sparks_04_SubUV_1_4.uasset" 399
"../../../RPGCompressed/Content/InfinityBladeEffects/Effects/FX_Materials/Spark/M_Spark_04_SubUV_1_4_INST.uasset" 400
"../../../RPGCompressed/Content/ThirdPersonBP/ProjectileSpell.uasset" 401
"../../../RPGCompressed/Content/ThirdPersonBP/Blueprints/MagicCharacter/MagicProjectile.uasset" 402
"../../../RPGCompressed/Content/ThirdPersonBP/Blueprints/MagicCharacter/Mesh/Eve_by_J__Gonzales_Skeleton.uasset" 403
"../../../RPGCompressed/Content/ThirdPersonBP/Blueprints/MagicCharacter/Animations/standing_1H_cast_spell_01.uasset" 404
"../../../RPGCompressed/Content/ThirdPersonBP/Blueprints/MagicCharacter/Animations/Standing_1H_Magic_Attack_01.uasset" 405
"../../../RPGCompressed/Content/ThirdPersonBP/Blueprints/MagicCharacter/Animations/standing_idle.uasset" 406
"../../../RPGCompressed/Content/ThirdPersonBP/Blueprints/MagicCharacter/Animations/Standing_Jump.uasset" 407
"../../../RPGCompressed/Content/ThirdPersonBP/Blueprints/MagicCharacter/Animations/Standing_Run_Back_inPlace.uasset" 408
"../../../RPGCompressed/Content/ThirdPersonBP/Blueprints/MagicCharacter/Animations/Standing_Run_Forward_inPlace.uasset" 409
"../../../RPGCompressed/Content/ThirdPersonBP/Blueprints/MagicCharacter/Animations/Standing_Run_Left_inPlace.uasset" 410
"../../../RPGCompressed/Content/ThirdPersonBP/Blueprints/MagicCharacter/Animations/Standing_Run_Right_inPlace.uasset" 411
"../../../RPGCompressed/Content/ThirdPersonBP/Blueprints/MagicCharacter/Animations/Standing_Walk_Back_inPlace.uasset" 412
"../../../RPGCompressed/Content/ThirdPersonBP/Blueprints/MagicCharacter/Animations/Standing_Walk_Forward_inPlace.uasset" 413
"../../../RPGCompressed/Content/ThirdPersonBP/Blueprints/MagicCharacter/Animations/Standing_Walk_Left_inPlace.uasset" 414
"../../../RPGCompressed/Content/ThirdPersonBP/Blueprints/MagicCharacter/Animations/Standing_Walk_Right_inPlace.uasset" 415
"../../../RPGCompressed/Content/ThirdPersonBP/Blueprints/MagicCharacter/IdleWalkRun.uasset" 416
"../../../RPGCompressed/Content/ThirdPersonBP/Blueprints/MagicCharacter/AnimBP.uasset" 417
"../../../RPGCompressed/Content/InfinityBladeEffects/Effects/Masters/M_Add_Sprite_Pan_Emis_Mask_Master.uasset" 418
"../../../RPGCompressed/Content/InfinityBladeEffects/Effects/FX_Textures/Glyph/T_Resurrection_Phoenix.uasset" 419
"../../../RPGCompressed/Content/InfinityBladeEffects/Effects/FX_Textures/Noise/T_Tile_Noise_Tendril_01.uasset" 420
"../../../RPGCompressed/Content/InfinityBladeEffects/Effects/FX_Materials/Glyph/M_Resurrection_Phoenix_INST.uasset" 421
"../../../RPGCompressed/Content/InfinityBladeEffects/Effects/Masters/M_Add_Sprite_Master_DepthFade.uasset" 422
"../../../RPGCompressed/Content/InfinityBladeEffects/Effects/FX_Textures/Gradient/T_starFlare_01.uasset" 423
"../../../RPGCompressed/Content/InfinityBladeEffects/Effects/FX_Materials/Gradient/M_Flare_01_INST.uasset" 424
"../../../RPGCompressed/Content/InfinityBladeEffects/Effects/FX_Textures/Gradient/FX_Glow_12alpha.uasset" 425
"../../../RPGCompressed/Content/InfinityBladeEffects/Effects/FX_Materials/Gradient/M_Flare_09_Inst.uasset" 426
"../../../RPGCompressed/Content/InfinityBladeEffects/Effects/Masters/M_Add_Sprite_Master.uasset" 427
"../../../RPGCompressed/Content/InfinityBladeEffects/Effects/FX_Textures/Gradient/T_LightCone.uasset" 428
"../../../RPGCompressed/Content/InfinityBladeEffects/Effects/FX_Materials/Gradient/M_Flare_Vertical_02_Inst.uasset" 429
"../../../RPGCompressed/Content/InfinityBladeEffects/Effects/FX_Textures/Gradient/T_Targeting_01.uasset" 430
"../../../RPGCompressed/Content/InfinityBladeEffects/Effects/FX_Materials/Misc/M_Targeting_Enemy.uasset" 431
"../../../RPGCompressed/Content/InfinityBladeEffects/Effects/FX_Materials/Noise/M_Shockwave_01_INST.uasset" 432
"../../../RPGCompressed/Content/InfinityBladeEffects/Effects/FX_Meshes/Skills/SM_Shockwave_01.uasset" 433
"../../../RPGCompressed/Content/InfinityBladeEffects/Effects/FX_Cines/Ausar/P_Ausar_Resurrection.uasset" 434
"../../../RPGCompressed/Content/ThirdPersonBP/Blueprints/MagicCharacter/Textures/SpacePirate_diffuse.uasset" 435
"../../../RPGCompressed/Content/ThirdPersonBP/Blueprints/MagicCharacter/Textures/SpacePirate_normal.uasset" 436
"../../../RPGCompressed/Content/ThirdPersonBP/Blueprints/MagicCharacter/Textures/SpacePirate_specular.uasset" 437
"../../../RPGCompressed/Content/ThirdPersonBP/Blueprints/MagicCharacter/Materials/SpacePirate_M.uasset" 438
"../../../RPGCompressed/Content/ThirdPersonBP/Blueprints/MagicCharacter/Mesh/Eve_by_J__Gonzales_PhysicsAsset.uasset" 439
"../../../RPGCompressed/Content/ThirdPersonBP/Blueprints/MagicCharacter/Mesh/Eve_by_J__Gonzales.uasset" 440
"../../../RPGCompressed/Content/ThirdPersonBP/Blueprints/GameSaver.uasset" 441
"../../../RPGCompressed/Content/ThirdPersonBP/Blueprints/ThirdPersonGameMode.uasset" 442
"../../../RPGCompressed/Content/ThirdPersonBP/Blueprints/ImageAssets/Action_Bar.uasset" 443
"../../../RPGCompressed/Content/ThirdPersonBP/Blueprints/ImageAssets/HealthBar.uasset" 444
"../../../RPGCompressed/Content/ThirdPersonBP/Blueprints/ImageAssets/Icon1Fill.uasset" 445
"../../../RPGCompressed/Content/ThirdPersonBP/Blueprints/ImageAssets/Icon1NoFill.uasset" 446
"../../../RPGCompressed/Content/ThirdPersonBP/Blueprints/ImageAssets/LevelBack.uasset" 447
"../../../RPGCompressed/Content/ThirdPersonBP/Blueprints/ImageAssets/StaffIconFill.uasset" 448
"../../../RPGCompressed/Content/ThirdPersonBP/Blueprints/ImageAssets/StaffIconNoFill.uasset" 449
"../../../RPGCompressed/Content/ThirdPersonBP/Blueprints/ImageAssets/XP_Bar.uasset" 450
"../../../RPGCompressed/Content/ThirdPersonBP/Blueprints/MagicHotbar.uasset" 451
"../../../RPGCompressed/Content/ThirdPersonBP/Blueprints/NoManaPopup.uasset" 452
"../../../RPGCompressed/Content/ThirdPersonBP/Blueprints/MagicCharacter/Magic_Character.uasset" 453
"../../../RPGCompressed/Content/ThirdPersonBP/Blueprints/SwordCharacter/Mesh/paladin_j_nordstrom_Skeleton.uasset" 454
"../../../RPGCompressed/Content/ThirdPersonBP/Blueprints/SwordCharacter/Animations/sword_and_shield_idle.uasset" 455
"../../../RPGCompressed/Content/ThirdPersonBP/Blueprints/SwordCharacter/Animations/sword_and_shield_jump__2_.uasset" 456
"../../../RPGCompressed/Content/ThirdPersonBP/Blueprints/SwordCharacter/Animations/sword_and_shield_power_up.uasset" 457
"../../../RPGCompressed/Content/ThirdPersonBP/Blueprints/SwordCharacter/Animations/sword_and_shield_slash.uasset" 458
"../../../RPGCompressed/Content/ThirdPersonBP/Blueprints/SwordCharacter/Animations/sword_and_shield_run.uasset" 459
"../../../RPGCompressed/Content/ThirdPersonBP/Blueprints/SwordCharacter/Animations/sword_and_shield_walk.uasset" 460
"../../../RPGCompressed/Content/ThirdPersonBP/Blueprints/SwordCharacter/Sword_Anim_BS.uasset" 461
"../../../RPGCompressed/Content/ThirdPersonBP/Blueprints/SwordCharacter/Sword_AnimBP.uasset" 462
"../../../RPGCompressed/Content/ThirdPersonBP/Blade_BlackKnight/T_Blade_BlackKnight_Sword1_D.uasset" 463
"../../../RPGCompressed/Content/ThirdPersonBP/Blade_BlackKnight/T_Blade_BlackKnight_Sword1_M.uasset" 464
"../../../RPGCompressed/Content/ThirdPersonBP/Blade_BlackKnight/T_Blade_BlackKnight_Sword1_N.uasset" 465
"../../../RPGCompressed/Content/ThirdPersonBP/Blade_BlackKnight/T_Blade_BlackKnight_Sword2_D.uasset" 466
"../../../RPGCompressed/Content/ThirdPersonBP/Blade_BlackKnight/T_Blade_BlackKnight_Sword2_M.uasset" 467
"../../../RPGCompressed/Content/ThirdPersonBP/Blade_BlackKnight/T_Blade_BlackKnight_Sword2_N.uasset" 468
"../../../RPGCompressed/Content/ThirdPersonBP/Blade_BlackKnight/M_Blade_BlackKnight.uasset" 469
"../../../RPGCompressed/Content/ThirdPersonBP/Blade_BlackKnight/SK_Blade_BlackKnight_Skeleton.uasset" 470
"../../../RPGCompressed/Content/ThirdPersonBP/Blade_BlackKnight/SK_Blade_BlackKnight.uasset" 471
"../../../RPGCompressed/Content/ThirdPersonBP/Blueprints/SwordCharacter/Weapon_Sword.uasset" 472
"../../../RPGCompressed/Content/ThirdPersonBP/Blueprints/ImageAssets/SwordFill.uasset" 473
"../../../RPGCompressed/Content/ThirdPersonBP/Blueprints/ImageAssets/SwordNoFill.uasset" 474
"../../../RPGCompressed/Content/ThirdPersonBP/Blueprints/MeleeHotbar.uasset" 475
"../../../RPGCompressed/Content/ThirdPersonBP/Blueprints/SwordCharacter/Textures/Paladin_diffuse.uasset" 476
"../../../RPGCompressed/Content/ThirdPersonBP/Blueprints/SwordCharacter/Textures/Paladin_normal.uasset" 477
"../../../RPGCompressed/Content/ThirdPersonBP/Blueprints/SwordCharacter/Textures/Paladin_specular.uasset" 478
"../../../RPGCompressed/Content/ThirdPersonBP/Blueprints/SwordCharacter/Materials/Paladin_MAT.uasset" 479
"../../../RPGCompressed/Content/ThirdPersonBP/Blueprints/SwordCharacter/Mesh/paladin_j_nordstrom_PhysicsAsset.uasset" 480
"../../../RPGCompressed/Content/ThirdPersonBP/Blueprints/SwordCharacter/Mesh/paladin_j_nordstrom.uasset" 481
"../../../RPGCompressed/Content/ThirdPersonBP/Blueprints/SwordCharacter/Sword_Character.uasset" 482
"../../../RPGCompressed/Content/InfinityBladeEffects/Effects/FX_Textures/Env/T_Pickup_GoldBag_D.uasset" 483
"../../../RPGCompressed/Content/InfinityBladeEffects/Effects/FX_Textures/Env/T_Pickup_GoldBag_N.uasset" 484
"../../../RPGCompressed/Content/InfinityBladeEffects/Effects/FX_Materials/M_GoldBag.uasset" 485
"../../../RPGCompressed/Content/ThirdPersonBP/Blueprints/Pickups/Invis.uasset" 486
"../../../RPGCompressed/Content/InfinityBladeEffects/Effects/FX_Meshes/SM_Gold_Bag_Pickup.uasset" 487
"../../../RPGCompressed/Content/InfinityBladeEffects/Effects/FX_Textures/Gradient/T_SoftFallOff.uasset" 488
"../../../RPGCompressed/Content/InfinityBladeEffects/Effects/FX_Materials/Gradient/M_Flare_03_INST.uasset" 489
"../../../RPGCompressed/Content/InfinityBladeEffects/Effects/FX_Textures/Gradient/T_GlowNoise_Circular_02.uasset" 490
"../../../RPGCompressed/Content/InfinityBladeEffects/Effects/FX_Materials/Gradient/M_Flare_Noise_01_Inst.uasset" 491
"../../../RPGCompressed/Content/InfinityBladeEffects/Effects/FX_Treasure/Gold_Bag/P_DeadMans_Loot.uasset" 492
"../../../RPGCompressed/Content/InfinityBladeEffects/Effects/FX_Textures/Gradient/T_starFlare_02.uasset" 493
"../../../RPGCompressed/Content/InfinityBladeEffects/Effects/FX_Materials/Gradient/M_Flare_02_INST.uasset" 494
"../../../RPGCompressed/Content/InfinityBladeEffects/Effects/FX_Treasure/Loot/P_Loot_Pickup.uasset" 495
"../../../RPGCompressed/Content/ThirdPersonBP/Blueprints/ImageAssets/LevelPopup.uasset" 496
"../../../RPGCompressed/Content/ThirdPersonBP/Blueprints/LevelUpPopup.uasset" 497
"../../../RPGCompressed/Content/ThirdPersonBP/Blueprints/Pickups/LootPickup.uasset" 498
"../../../Engine/Content/Functions/Engine_MaterialFunctions02/Utility/BlendAngleCorrectedNormals.uasset" 499
"../../../Engine/Content/Functions/MaterialLayerFunctions/MatLayerBlend_NormalBlend.uasset" 500
"../../../Engine/Content/Functions/MaterialLayerFunctions/MatLayerBlend_Simple.uasset" 501
"../../../RPGCompressed/Content/Mannequin/Character/Materials/MaterialLayers/T_ML_Rubber_Blue_01_D.uasset" 502
"../../../RPGCompressed/Content/Mannequin/Character/Materials/MaterialLayers/T_ML_Rubber_Blue_01_N.uasset" 503
"../../../RPGCompressed/Content/Mannequin/Character/Materials/MaterialLayers/ML_GlossyBlack_Latex_UE4.uasset" 504
"../../../RPGCompressed/Content/Mannequin/Character/Materials/MaterialLayers/ML_Plastic_Shiny_Beige.uasset" 505
"../../../RPGCompressed/Content/Mannequin/Character/Textures/UE4_LOGO_CARD.uasset" 506
"../../../RPGCompressed/Content/Mannequin/Character/Materials/MaterialLayers/ML_Plastic_Shiny_Beige_LOGO.uasset" 507
"../../../RPGCompressed/Content/Mannequin/Character/Materials/MaterialLayers/T_ML_Aluminum01.uasset" 508
"../../../RPGCompressed/Content/Mannequin/Character/Materials/MaterialLayers/T_ML_Aluminum01_N.uasset" 509
"../../../RPGCompressed/Content/Mannequin/Character/Materials/MaterialLayers/ML_SoftMetal_UE4.uasset" 510
"../../../RPGCompressed/Content/Mannequin/Character/Textures/UE4_Mannequin__normals.uasset" 511
"../../../RPGCompressed/Content/Mannequin/Character/Textures/UE4_Mannequin_MAT_MASKA.uasset" 512
"../../../RPGCompressed/Content/Mannequin/Character/Materials/M_UE4Man_Body.uasset" 513
"../../../RPGCompressed/Content/Mannequin/Character/Textures/UE4Man_Logo_N.uasset" 514
"../../../RPGCompressed/Content/Mannequin/Character/Materials/M_UE4Man_ChestLogo.uasset" 515
"../../../RPGCompressed/Content/Mannequin/Character/Mesh/SK_Mannequin_PhysicsAsset.uasset" 516
"../../../RPGCompressed/Content/Mannequin/Character/Mesh/SK_Mannequin.uasset" 517
"../../../RPGCompressed/Content/StarterContent/Textures/T_Burst_M.uasset" 518
"../../../RPGCompressed/Content/StarterContent/Particles/Materials/M_Burst.uasset" 519
"../../../RPGCompressed/Content/StarterContent/Textures/T_Explosion_SubUV.uasset" 520
"../../../RPGCompressed/Content/StarterContent/Particles/Materials/M_explosion_subUV.uasset" 521
"../../../RPGCompressed/Content/StarterContent/Particles/Materials/m_flare_01.uasset" 522
"../../../RPGCompressed/Content/StarterContent/Particles/Materials/M_radial_ramp.uasset" 523
"../../../RPGCompressed/Content/StarterContent/Textures/T_Smoke_SubUV.uasset" 524
"../../../RPGCompressed/Content/StarterContent/Textures/T_Smoke_Tiled_D.uasset" 525
"../../../RPGCompressed/Content/StarterContent/Particles/Materials/M_smoke_subUV.uasset" 526
"../../../RPGCompressed/Content/StarterContent/Particles/P_Explosion.uasset" 527
"../../../RPGCompressed/Content/ThirdPersonBP/Blueprints/SimpleAI.uasset" 528
"../../../Engine/Content/EngineSky/C_Sky_Cloud_Color.uasset" 529
"../../../Engine/Content/EngineSky/C_Sky_Horizon_Color.uasset" 530
"../../../Engine/Content/EngineSky/C_Sky_Zenith_Color.uasset" 531
"../../../Engine/Content/EngineSky/T_Sky_Blue.uasset" 532
"../../../Engine/Content/EngineSky/T_Sky_Clouds_M.uasset" 533
"../../../Engine/Content/EngineSky/T_Sky_Stars.uasset" 534
"../../../Engine/Content/EngineSky/M_Sky_Panning_Clouds2.uasset" 535
"../../../Engine/Content/EngineSky/SM_SkySphere.uasset" 536
"../../../Engine/Content/EngineSky/BP_Sky_Sphere.uasset" 537
"../../../RPGCompressed/Content/InfinityBladeEffects/Effects/FX_Textures/Tile/T_Black_32.uasset" 538
"../../../RPGCompressed/Content/InfinityBladeEffects/Effects/Masters/M_Trans_Sprite_Master.uasset" 539
"../../../RPGCompressed/Content/InfinityBladeEffects/Effects/FX_Textures/Glyph/T_HealHeart_02.uasset" 540
"../../../RPGCompressed/Content/InfinityBladeEffects/Effects/FX_Materials/Glyph/M_Heart_01_INST.uasset" 541
"../../../RPGCompressed/Content/InfinityBladeEffects/Effects/FX_Textures/Gradient/T_Flare_Streaks_02.uasset" 542
"../../../RPGCompressed/Content/InfinityBladeEffects/Effects/FX_Materials/Gradient/M_Flare_Streak_01_INST.uasset" 543
"../../../RPGCompressed/Content/InfinityBladeEffects/Effects/FX_Meshes/Skills/SM_BlastWave.uasset" 544
"../../../RPGCompressed/Content/InfinityBladeEffects/Effects/FX_Ability/Heal/P_Heal_Aura.uasset" 545
"../../../RPGCompressed/Content/InfinityBladeEffects/Effects/FX_Textures/Gradient/T_BlastWave.uasset" 546
"../../../RPGCompressed/Content/InfinityBladeEffects/Effects/FX_Materials/M_Shockwave_01_ADD_INST.uasset" 547
"../../../RPGCompressed/Content/InfinityBladeEffects/Effects/Masters/M_Add_Sprite_2Sided_Master.uasset" 548
"../../../RPGCompressed/Content/InfinityBladeEffects/Effects/FX_Textures/Gradient/T_SwipeTrail.uasset" 549
"../../../RPGCompressed/Content/InfinityBladeEffects/Effects/FX_Materials/Trails/M_Swipe_Mesh_Add_2Sided_01_INST.uasset" 550
"../../../RPGCompressed/Content/InfinityBladeEffects/Effects/FX_Meshes/Skills/SM_Spiral_Swirl_01.uasset" 551
"../../../RPGCompressed/Content/InfinityBladeEffects/Effects/FX_Ability/Heal/P_Heal_Potion.uasset" 552
"../../../RPGCompressed/Content/ThirdPersonBP/Blueprints/Pickups/HealthPickup.uasset" 553
"../../../RPGCompressed/Content/ThirdPersonBP/Blueprints/ImageAssets/CharacterRender.uasset" 554
"../../../RPGCompressed/Content/ThirdPersonBP/Blueprints/RecordingActor.uasset" 555
"../../../RPGCompressed/Content/ThirdPersonBP/Maps/ThirdPersonExampleMap_BuiltData.uasset" 556
"../../../RPGCompressed/Content/Geometry/Meshes/CubeMaterial.uasset" 557
"../../../RPGCompressed/Content/Geometry/Meshes/1M_Cube.uasset" 558
"../../../RPGCompressed/Content/Geometry/Meshes/1M_Cube_Chamfer.uasset" 559
"../../../RPGCompressed/Content/Geometry/Meshes/TemplateFloor.uasset" 560
"../../../RPGCompressed/Content/ThirdPerson/Meshes/RampMaterial.uasset" 561
"../../../RPGCompressed/Content/ThirdPerson/Meshes/Bump_StaticMesh.uasset" 562
"../../../RPGCompressed/Content/ThirdPerson/Meshes/LeftArm_StaticMesh.uasset" 563
"../../../RPGCompressed/Content/ThirdPerson/Meshes/Linear_Stair_StaticMesh.uasset" 564
"../../../RPGCompressed/Content/ThirdPerson/Meshes/Ramp_StaticMesh.uasset" 565
"../../../RPGCompressed/Content/ThirdPerson/Meshes/RightArm_StaticMesh.uasset" 566
"../../../RPGCompressed/Content/ThirdPersonBP/Blueprints/ImageAssets/CharacterRender_Mat.uasset" 567
"../../../RPGCompressed/Content/ThirdPersonBP/Blueprints/ImageAssets/SelectCharacter.uasset" 568
"../../../RPGCompressed/Content/ThirdPersonBP/Blueprints/ImageAssets/SelectCharacterHover.uasset" 569
"../../../RPGCompressed/Content/ThirdPersonBP/Blueprints/ImageAssets/wallup-350641.uasset" 570
"../../../RPGCompressed/Content/ThirdPersonBP/Blueprints/ClassSelect.uasset" 571
"../../../RPGCompressed/Content/ThirdPersonBP/Maps/ThirdPersonExampleMap.umap" 572
